columns:
notforsale | stock | sku | name | categories

1 | 0 | ABC213 | Benefit Triple Head Toothbrush - Discontinued | Web Specials/Discontinued Items
1 | 0 | ADLPL36 | Pathlighter Lighted Walking Cane- Discontinued | Web Specials/Discontinued Items
1 | 0 | ADM4512 | TheraBeads Neck Rest - Discontinued | Web Specials/Discontinued Items
1 | 0 | ADM8111 | Velcro Buttons - Discontinued | Web Specials/Discontinued Items
0 | 0 | ADM8213JL | Jumbo Liner | On the Move/Mobility Accessories <==== ### Not excluded from feed. ###
1 | 0 | ADM8215 | Folding Shopping Bag with Wheels - Discontinued | Web Specials/Discontinued Items
1 | 0 | AFS7003 | Battery Powered Trigger Sprayer - Discontinued | Web Specials/Discontinued Items
1 | 0 | AGA907 | Swedish Meat Knife | Web Specials/Discontinued Items
1 | 0 | AGC350 | Gripeaze Comfort Handles - Discontinued | Web Specials/Discontinued Items
1 | 0 | AGG300 | Great Grips Doorknob Turners - Discontinued | Web Specials/Discontinued Items
1 | 0 | AHM62517 | Never Pump Trigger Sprayer- Discontinued | Web Specials/Discontinued Items
1 | 0 | AJB4966 | Lighted Magnifier Tweezers - Discontinued | Web Specials/Discontinued Items
1 | 0 | AM | Melamine Dishware - Discontinued | Web Specials/Discontinued Items
1 | 0 | AMC1024 | Featherweight® Classique Reacher 32 inch - Discontinued | Web Specials/Discontinued Items
1 | 0 | AMC1627 | Retainer Reacher - Discontinued | Web Specials/Discontinued Items
1 | 0 | AMC2450 | Shoehorn Reacher - Discontinued | Web Specials/Discontinued Items
1 | 0 | AMC6700 | Featherweight Classic Folding Reacher - Discontinued | Web Specials/Discontinued Items
1 | 0 | AMCPNC2 | Table Top Nail Clipper - Discontinued | Web Specials/Discontinued Items
1 | 0 | AME400 | LifeLight Walker Light - Discontinued | Web Specials/Discontinued Items
1 | 0 | AMI110 | Boxtopper - Discontinued | Web Specials/Discontinued Items
1 | 0 | AMI207A | Brown 18 inch Perma-Ty Elastic Shoelaces - Discontinued | Web Specials/Discontinued Items
1 | 0 | AMI30110 | Jumbo Index Plastic Bridge Playing Cards - Discontinued | Web Specials/Discontinued Items
1 | 0 | AMI3017 | Hoyle Super Jumbo Playing Cards - Discontinued | Web Specials/Discontinued Items
1 | 0 | AMI3019 | Jumbo Index Plastic Poker Playing Cards- Discontinued | Web Specials/Discontinued Items
1 | 0 | AMI73240 | Book Mate Adjustable Book Holder- Discontinued | Web Specials/Discontinued Items
1 | 0 | AMI74642 | Soft Curve Grip Utensils - Discontinued | Web Specials/Discontinued Items
1 | 0 | AMI75338 | Open-It Universal Opener - Discontinued | Web Specials/Discontinued Items
1 | 0 | ARP320 | Gas Cap Wrench - Discontinued | Web Specials/Discontinued Items
1 | 0 | ASN11 | Reflex Carving Knives - Discontinued | Web Specials/Discontinued Items
1 | 0 | ASN117 | Supergrip Utensils - Discontinued | Web Specials/Discontinued Items
1 | 0 | ASN117A | Supergrip Utensils Table Spoon - Discontinued | Web Specials/Discontinued Items
1 | 0 | ASN117E | Supergrip Utensils Teaspoon - Discontinued | Web Specials/Discontinued Items
1 | 0 | ASN117F | Supergrip Utensils Fork - Discontinued | Web Specials/Discontinued Items
1 | 0 | ASN117K | Supergrip Utensils Knife - Discontinued | Web Specials/Discontinued Items
1 | 0 | ASN504 | Neoprene Wrap on Thumb Support - Discontinued | Web Specials/Discontinued Items
1 | 0 | ASO512-T | Pin Care Foam Topper - Discontinued | Web Specials/Discontinued Items
0 | 0 | AST1100 | Security Pole with Grab Bar | On the Move/Sitting, Standing and Walking Aids@Web Specials/Coupons, overstock & sale items. <==== ### Not excluded from feed. ###
1 | 0 | AST421 | Ultimate Bed Rail and Tray - Discontinued | Web Specials/Discontinued Items
1 | 0 | CAL100 | Electronic Alarm Reminder Pill Box- Discontinued | Web Specials/Discontinued Items
1 | 0 | CAL200 | Pill Easy - Pill Box Reminder- Discontinued | Web Specials/Discontinued Items
1 | 0 | CCP50 | Adjustable Bed Wedge - Discontinued | Web Specials/Discontinued Items
1 | 0 | CDM10360 | Folding Walking Cane with Sling Seat - Discontinued | Web Specials/Discontinued Items
1 | 0 | CDM6399 | TEAK Corner Shower Seat- Discontinued | Web Specials/Discontinued Items
0 | 0 | CHP8520 | Softeze Memory Foam All Purpose Wedge | For Your Comfort/Pillows & Positioning <==== ### Not excluded from feed. ###
1 | 0 | CHS13 | Squiggly Straw- Discontinued | Web Specials/Discontinued Items
1 | 0 | CHS14 | Squiggly Extra Long Straw Pack of 144 - Discontinued | Web Specials/Discontinued Items
1 | 0 | CHS25 | Long Flexible Straw- Discontinued | Web Specials/Discontinued Items
1 | 0 | CHS27 | Super Long Straw - Discontinued | Web Specials/Discontinued Items
1 | 0 | CHSCLIP | Drinking Straw Holder for Large Diameter Straws - Discontinued | Web Specials/Discontinued Items
0 | 0 | CMI104 | Stainless Steel Plate Guard | In the Kitchen/Plates, Plate Guards and Bowls <==== ### Not excluded from feed. ###
1 | 0 | CMI7245800 | Groovy Grip Grab Bars - Discontinued | Web Specials/Discontinued Items
1 | 0 | CMI72712 | Corner Shower Seat - Discontinued | Web Specials/Discontinued Items
0 | 0 | CMI74529 | Round Up Plate | In the Kitchen/Plates, Plate Guards and Bowls <==== ### Not excluded from feed. ###
1 | 0 | CMI746240 | Maddadapt Built Up Handle Teaspoon - Discontinued | Web Specials/Discontinued Items
1 | 0 | CMI746244 | Maddadapt Built Up Handle Cutlery Set - Discontinued | Web Specials/Discontinued Items
1 | 0 | CMI7463601 | Maddadapt Built Up Handle Left Hand Fork - Discontinued | Web Specials/Discontinued Items
1 | 0 | CMY100 | Easy Grip Cup - discontinued | Web Specials/Discontinued Items
1 | 0 | CNR2101 | No Rinse Hand Sanitizer - Discontinued | Web Specials/Discontinued Items
1 | 0 | COF100 | Oralflo Pill Cup - Discontinued | Web Specials/Discontinued Items
1 | 0 | CP710 | Ibunex - Discontinued | Web Specials/Discontinued Items
1 | 0 | CP712 | Gluconex - Discontinued | Web Specials/Discontinued Items
1 | 0 | CPO8202L | Posey Personal Alarm - Discontinued | Web Specials/Discontinued Items
1 | 0 | CPO8272 | Posey Wireless Personal Pager - Discontinued | Web Specials/Discontinued Items
1 | 1592 | CPS5 | Chili Pad Mattress Topper | For Your Comfort/Pillows & Positioning
1 | 0 | CSN117BA | Supergrip Bendable Tablespoon - Discontinued | Web Specials/Discontinued Items
1 | 0 | CSN117BE | Supergrip Bendable Teaspoon - Discontinued | Web Specials/Discontinued Items
1 | 0 | CSN117BF | Supergrip Bendable Dinner Fork - Discontinued | Web Specials/Discontinued Items
1 | 0 | CSN117BK | Supergrip Bendable Table Knife - Discontinued | Web Specials/Discontinued Items
1 | 0 | NC35789 | Spreadboard - Discontinued | Web Specials/Discontinued Items
1 | 0 | P2B8160 | Etac Bath Board - Discontinued | Web Specials/Discontinued Items
1 | 0 | TDH 172 | Stay Put Snack Bowl - Discontinued | Web Specials/Discontinued Items
1 | 0 | TDH 173 | Stay Put Scoop Plate - Discontinued | Web Specials/Discontinued Items
1 | 0 | TEL001 | TelAgenda Calender and Photo Display Frame - Discontinued | Web Specials/Discontinued Items
0 | 0 | VD9541 | Verilux® Heritage™ Full Spectrum Deluxe Desk Lamp | Around the House/Full Spectrum Lighting <==== ### Not excluded from feed. ###
1 | 0 | VD9574 | Verilux® Princeton Full Spectrum Desk Lamp - Discontinued | Web Specials/Discontinued Items
0 | 0 | VF9561 | Verilux EasyFlex Full Spectrum Floor Lamp | Around the House/Full Spectrum Lighting <==== ### Not excluded from feed. ###
0 | 0 | AGS300 | The Planting Stick | Around the House/Arthritis Gardening Tools@Featured Products <==== ### Not excluded from feed. ###
